<?xml version="1.0" encoding="UTF-8"?>
<testng-results ignored="0" total="2" passed="1" failed="1" skipped="0">
  <reporter-output>
  </reporter-output>
  <suite started-at="2022-12-13T04:27:48Z" name="Suite" finished-at="2022-12-13T04:31:44Z" duration-ms="236191">
    <groups>
    </groups>
    <test started-at="2022-12-13T04:27:48Z" name="Chrome" finished-at="2022-12-13T04:28:30Z" duration-ms="42053">
      <class name="com.excelr.browserstack.TestNG32_CrossBrowser">
        <test-method is-config="true" signature="chooseBrowser(java.lang.String)[pri:0, instance:com.excelr.browserstack.TestNG32_CrossBrowser@3d9c13b5]" started-at="2022-12-13T04:27:48Z" name="chooseBrowser" finished-at="2022-12-13T04:27:59Z" duration-ms="11223" status="PASS">
          <params>
            <param index="0">
              <value>
                <![CDATA[chrome]]>
              </value>
            </param>
          </params>
          <reporter-output>
          </reporter-output>
        </test-method> <!-- chooseBrowser -->
        <test-method signature="positiveCredentialsBrowserStack1()[pri:0, instance:com.excelr.browserstack.TestNG32_CrossBrowser@3d9c13b5]" started-at="2022-12-13T04:27:59Z" name="positiveCredentialsBrowserStack1" finished-at="2022-12-13T04:28:30Z" duration-ms="30712" status="PASS">
          <reporter-output>
          </reporter-output>
        </test-method> <!-- positiveCredentialsBrowserStack1 -->
      </class> <!-- com.excelr.browserstack.TestNG32_CrossBrowser -->
    </test> <!-- Chrome -->
    <test started-at="2022-12-13T04:28:30Z" name="IE" finished-at="2022-12-13T04:31:44Z" duration-ms="193962">
      <class name="com.excelr.browserstack.TestNG32_CrossBrowser">
        <test-method is-config="true" signature="chooseBrowser(java.lang.String)[pri:0, instance:com.excelr.browserstack.TestNG32_CrossBrowser@66c61024]" started-at="2022-12-13T04:28:30Z" name="chooseBrowser" finished-at="2022-12-13T04:28:44Z" duration-ms="13739" status="PASS">
          <params>
            <param index="0">
              <value>
                <![CDATA[IE]]>
              </value>
            </param>
          </params>
          <reporter-output>
          </reporter-output>
        </test-method> <!-- chooseBrowser -->
        <test-method signature="positiveCredentialsBrowserStack1()[pri:0, instance:com.excelr.browserstack.TestNG32_CrossBrowser@66c61024]" started-at="2022-12-13T04:28:44Z" name="positiveCredentialsBrowserStack1" finished-at="2022-12-13T04:31:44Z" duration-ms="180186" status="FAIL">
          <exception class="org.openqa.selenium.TimeoutException">
            <message>
              <![CDATA[java.util.concurrent.TimeoutException
Build info: version: '4.5.0', revision: 'fe167b119a'
System info: os.name: 'Windows 10', os.arch: 'amd64', os.version: '10.0', java.version: '17.0.5'
Driver info: org.openqa.selenium.ie.InternetExplorerDriver
Command: [419fdef8-b376-4e26-8c22-2b5707d5d38f, get {url=https://www.browserstack.com}]
Capabilities {acceptInsecureCerts: false, browserName: internet explorer, browserVersion: 11, pageLoadStrategy: normal, platformName: WINDOWS, proxy: Proxy(), se:ieOptions: {browserAttachTimeout: 0, elementScrollBehavior: 0, enablePersistentHover: true, ie.browserCommandLineSwitches: , ie.edgechromium: false, ie.edgepath: , ie.ensureCleanSession: false, ie.fileUploadDialogTimeout: 3000, ie.forceCreateProcessApi: false, ignoreProtectedModeSettings: false, ignoreZoomSetting: false, initialBrowserUrl: http://localhost:59817/, nativeEvents: true, requireWindowFocus: false}, setWindowRect: true, strictFileInteractability: false, timeouts: {implicit: 0, pageLoad: 300000, script: 30000}, unhandledPromptBehavior: dismiss and notify}
Session ID: 419fdef8-b376-4e26-8c22-2b5707d5d38f]]>
            </message>
            <full-stacktrace>
              <![CDATA[org.openqa.selenium.TimeoutException: java.util.concurrent.TimeoutException
Build info: version: '4.5.0', revision: 'fe167b119a'
System info: os.name: 'Windows 10', os.arch: 'amd64', os.version: '10.0', java.version: '17.0.5'
Driver info: org.openqa.selenium.ie.InternetExplorerDriver
Command: [419fdef8-b376-4e26-8c22-2b5707d5d38f, get {url=https://www.browserstack.com}]
Capabilities {acceptInsecureCerts: false, browserName: internet explorer, browserVersion: 11, pageLoadStrategy: normal, platformName: WINDOWS, proxy: Proxy(), se:ieOptions: {browserAttachTimeout: 0, elementScrollBehavior: 0, enablePersistentHover: true, ie.browserCommandLineSwitches: , ie.edgechromium: false, ie.edgepath: , ie.ensureCleanSession: false, ie.fileUploadDialogTimeout: 3000, ie.forceCreateProcessApi: false, ignoreProtectedModeSettings: false, ignoreZoomSetting: false, initialBrowserUrl: http://localhost:59817/, nativeEvents: true, requireWindowFocus: false}, setWindowRect: true, strictFileInteractability: false, timeouts: {implicit: 0, pageLoad: 300000, script: 30000}, unhandledPromptBehavior: dismiss and notify}
Session ID: 419fdef8-b376-4e26-8c22-2b5707d5d38f
at org.openqa.selenium.remote.http.netty.NettyHttpHandler.makeCall(NettyHttpHandler.java:65)
at org.openqa.selenium.remote.http.AddSeleniumUserAgent.lambda$apply$0(AddSeleniumUserAgent.java:42)
at org.openqa.selenium.remote.http.Filter.lambda$andFinally$1(Filter.java:56)
at org.openqa.selenium.remote.http.netty.NettyHttpHandler.execute(NettyHttpHandler.java:49)
at org.openqa.selenium.remote.http.AddSeleniumUserAgent.lambda$apply$0(AddSeleniumUserAgent.java:42)
at org.openqa.selenium.remote.http.Filter.lambda$andFinally$1(Filter.java:56)
at org.openqa.selenium.remote.http.netty.NettyClient.execute(NettyClient.java:99)
at org.openqa.selenium.remote.HttpCommandExecutor.execute(HttpCommandExecutor.java:181)
at org.openqa.selenium.remote.service.DriverCommandExecutor.invokeExecute(DriverCommandExecutor.java:167)
at org.openqa.selenium.remote.service.DriverCommandExecutor.execute(DriverCommandExecutor.java:142)
at org.openqa.selenium.remote.RemoteWebDriver.execute(RemoteWebDriver.java:547)
at org.openqa.selenium.remote.RemoteWebDriver.get(RemoteWebDriver.java:310)
at com.excelr.browserstack.TestNG32_CrossBrowser.positiveCredentialsBrowserStack1(TestNG32_CrossBrowser.java:38)
at java.base/jdk.internal.reflect.NativeMethodAccessorImpl.invoke0(Native Method)
at java.base/jdk.internal.reflect.NativeMethodAccessorImpl.invoke(NativeMethodAccessorImpl.java:77)
at java.base/jdk.internal.reflect.DelegatingMethodAccessorImpl.invoke(DelegatingMethodAccessorImpl.java:43)
at java.base/java.lang.reflect.Method.invoke(Method.java:568)
at org.testng.internal.MethodInvocationHelper.invokeMethod(MethodInvocationHelper.java:124)
at org.testng.internal.Invoker.invokeMethod(Invoker.java:583)
at org.testng.internal.Invoker.invokeTestMethod(Invoker.java:719)
at org.testng.internal.Invoker.invokeTestMethods(Invoker.java:989)
at org.testng.internal.TestMethodWorker.invokeTestMethods(TestMethodWorker.java:125)
at org.testng.internal.TestMethodWorker.run(TestMethodWorker.java:109)
at java.base/java.util.concurrent.ThreadPoolExecutor.runWorker(ThreadPoolExecutor.java:1136)
at java.base/java.util.concurrent.ThreadPoolExecutor$Worker.run(ThreadPoolExecutor.java:635)
at java.base/java.lang.Thread.run(Thread.java:833)
Caused by: java.util.concurrent.TimeoutException
at java.base/java.util.concurrent.CompletableFuture.timedGet(CompletableFuture.java:1960)
at java.base/java.util.concurrent.CompletableFuture.get(CompletableFuture.java:2095)
at org.asynchttpclient.netty.NettyResponseFuture.get(NettyResponseFuture.java:206)
at org.openqa.selenium.remote.http.netty.NettyHttpHandler.makeCall(NettyHttpHandler.java:59)
... 25 more
]]>
            </full-stacktrace>
          </exception> <!-- org.openqa.selenium.TimeoutException -->
          <reporter-output>
          </reporter-output>
        </test-method> <!-- positiveCredentialsBrowserStack1 -->
      </class> <!-- com.excelr.browserstack.TestNG32_CrossBrowser -->
    </test> <!-- IE -->
  </suite> <!-- Suite -->
</testng-results>
