<?xml version="1.0" encoding="UTF-8"?>
<!-- Generated by org.testng.reporters.JUnitXMLReporter -->
<testsuite ignored="0" hostname="ETC1304235" failures="0" tests="7" name="Different Features" time="27.033" errors="0" timestamp="08 Dec 2022 13:28:24 GMT">
  <testcase classname="com.excelr.Google.ExpectedException" name="Test1" time="0.02"/>
  <testcase classname="com.excelr.Google.GoogleTitleTest" name="googleTitleTest" time="11.701"/>
  <testcase classname="com.excelr.Google.GoogleTitleTest" name="googlelogoTest" time="0.115"/>
  <testcase classname="com.excelr.Google.InvocationCountTest" name="add" time="0.003"/>
  <testcase classname="com.excelr.Google.InvocationCountTest" name="add" time="0.002"/>
  <testcase classname="com.excelr.Google.InvocationCountTest" name="add" time="0.002"/>
  <testcase classname="com.excelr.Google.TestNGFeatures_dependsOn" name="loginTest" time="0.009"/>
</testsuite> <!-- Different Features -->
